#
# There is insufficient memory for the Java Runtime Environment to continue.
# Native memory allocation (malloc) failed to allocate 1315376 bytes for Chunk::new
# Possible reasons:
#   The system is out of physical RAM or swap space
#   The process is running with CompressedOops enabled, and the Java Heap may be blocking the growth of the native heap
# Possible solutions:
#   Reduce memory load on the system
#   Increase physical memory or swap space
#   Check if swap backing store is full
#   Decrease Java heap size (-Xmx/-Xms)
#   Decrease number of Java threads
#   Decrease Java thread stack sizes (-Xss)
#   Set larger code cache with -XX:ReservedCodeCacheSize=
#   JVM is running with Unscaled Compressed Oops mode in which the Java heap is
#     placed in the first 4GB address space. The Java Heap base address is the
#     maximum limit for the native heap growth. Please use -XX:HeapBaseMinAddress
#     to set the Java Heap base and to place the Java Heap above 4GB virtual address.
# This output file may be truncated or incomplete.
#
#  Out of Memory Error (./open/src/hotspot/share/memory/arena.cpp:197), pid=232, tid=11664
#
# JRE version: Java(TM) SE Runtime Environment 18.9 (11.0.9+7) (build 11.0.9+7-LTS)
# Java VM: Java HotSpot(TM) 64-Bit Server VM 18.9 (11.0.9+7-LTS, mixed mode, tiered, compressed oops, g1 gc, windows-amd64)
# No core dump will be written. Minidumps are not enabled by default on client versions of Windows
#

---------------  S U M M A R Y ------------

Command Line: -Dfile.encoding=UTF-8 com.digitalaube.checkart.CheckArtApplication

Host: Intel(R) Core(TM) i5-8250U CPU @ 1.60GHz, 8 cores, 3G,  Windows 10 , 64 bit Build 19041 (10.0.19041.804)
Time: Sat Feb 27 08:50:00 2021 Maroc (heure d’été) elapsed time: 3.504625 seconds (0d 0h 0m 3s)

---------------  T H R E A D  ---------------

Current thread (0x000001c928001800):  JavaThread "C2 CompilerThread0" daemon [_thread_in_native, id=11664, stack(0x0000000402000000,0x0000000402100000)]


Current CompileTask:
C2:   3504 3375       4       org.springframework.beans.factory.support.AbstractBeanFactory::isTypeMatch (607 bytes)

Stack: [0x0000000402000000,0x0000000402100000]
Native frames: (J=compiled Java code, j=interpreted, Vv=VM code, C=native code)
V  [jvm.dll+0x611a3a]
V  [jvm.dll+0x748aaf]
V  [jvm.dll+0x74a135]
V  [jvm.dll+0x74a7b3]
V  [jvm.dll+0x2439f8]
V  [jvm.dll+0xba2bc]
V  [jvm.dll+0xba9bc]
V  [jvm.dll+0x3454e7]
V  [jvm.dll+0x313343]
V  [jvm.dll+0x31268a]
V  [jvm.dll+0x1fd495]
V  [jvm.dll+0x1fc64f]
V  [jvm.dll+0x17f08c]
V  [jvm.dll+0x20bc54]
V  [jvm.dll+0x209d2b]
V  [jvm.dll+0x7103d9]
V  [jvm.dll+0x709114]
V  [jvm.dll+0x610cb6]
C  [ucrtbase.dll+0x21bb2]
C  [KERNEL32.DLL+0x17034]
C  [ntdll.dll+0x4d241]


---------------  P R O C E S S  ---------------

Threads class SMR info:
_java_thread_list=0x000001c92b6e7250, length=13, elements={
0x000001c90b922800, 0x000001c927f9d800, 0x000001c927fa6800, 0x000001c927ff5800,
0x000001c927ff6800, 0x000001c928001800, 0x000001c928009800, 0x000001c928010800,
0x000001c928ada000, 0x000001c928ae0000, 0x000001c928f6b800, 0x000001c929351800,
0x000001c92982f800
}

Java Threads: ( => current thread )
  0x000001c90b922800 JavaThread "main" [_thread_blocked, id=14704, stack(0x0000000401500000,0x0000000401600000)]
  0x000001c927f9d800 JavaThread "Reference Handler" daemon [_thread_blocked, id=3336, stack(0x0000000401c00000,0x0000000401d00000)]
  0x000001c927fa6800 JavaThread "Finalizer" daemon [_thread_blocked, id=14720, stack(0x0000000401d00000,0x0000000401e00000)]
  0x000001c927ff5800 JavaThread "Signal Dispatcher" daemon [_thread_blocked, id=13288, stack(0x0000000401e00000,0x0000000401f00000)]
  0x000001c927ff6800 JavaThread "Attach Listener" daemon [_thread_blocked, id=14192, stack(0x0000000401f00000,0x0000000402000000)]
=>0x000001c928001800 JavaThread "C2 CompilerThread0" daemon [_thread_in_native, id=11664, stack(0x0000000402000000,0x0000000402100000)]
  0x000001c928009800 JavaThread "C1 CompilerThread0" daemon [_thread_blocked, id=10392, stack(0x0000000402100000,0x0000000402200000)]
  0x000001c928010800 JavaThread "Sweeper thread" daemon [_thread_blocked, id=648, stack(0x0000000402200000,0x0000000402300000)]
  0x000001c928ada000 JavaThread "Service Thread" daemon [_thread_blocked, id=6548, stack(0x0000000402300000,0x0000000402400000)]
  0x000001c928ae0000 JavaThread "Common-Cleaner" daemon [_thread_blocked, id=14108, stack(0x0000000402500000,0x0000000402600000)]
  0x000001c928f6b800 JavaThread "C2 CompilerThread1" daemon [_thread_in_native, id=1304, stack(0x0000000402600000,0x0000000402700000)]
  0x000001c929351800 JavaThread "Thread-0" [_thread_blocked, id=6880, stack(0x0000000402800000,0x0000000402900000)]
  0x000001c92982f800 JavaThread "restartedMain" [_thread_in_vm, id=5808, stack(0x0000000402900000,0x0000000402a00000)]

Other Threads:
  0x000001c927f7a000 VMThread "VM Thread" [stack: 0x0000000401b00000,0x0000000401c00000] [id=7788]
  0x000001c928ae3800 WatcherThread [stack: 0x0000000402400000,0x0000000402500000] [id=13680]
  0x000001c90b937000 GCTaskThread "GC Thread#0" [stack: 0x0000000401600000,0x0000000401700000] [id=16684]
  0x000001c92945a800 GCTaskThread "GC Thread#1" [stack: 0x0000000402700000,0x0000000402800000] [id=16912]
  0x000001c929a26000 GCTaskThread "GC Thread#2" [stack: 0x0000000402a00000,0x0000000402b00000] [id=16028]
  0x000001c929a2f000 GCTaskThread "GC Thread#3" [stack: 0x0000000402b00000,0x0000000402c00000] [id=16664]
  0x000001c929a2f800 GCTaskThread "GC Thread#4" [stack: 0x0000000402c00000,0x0000000402d00000] [id=16680]
  0x000001c929a38800 GCTaskThread "GC Thread#5" [stack: 0x0000000402d00000,0x0000000402e00000] [id=16000]
  0x000001c9298a9000 GCTaskThread "GC Thread#6" [stack: 0x0000000402f00000,0x0000000403000000] [id=3012]
  0x000001c92b777800 GCTaskThread "GC Thread#7" [stack: 0x0000000403000000,0x0000000403100000] [id=10800]
  0x000001c90b952000 ConcurrentGCThread "G1 Main Marker" [stack: 0x0000000401700000,0x0000000401800000] [id=8228]
  0x000001c90b955800 ConcurrentGCThread "G1 Conc#0" [stack: 0x0000000401800000,0x0000000401900000] [id=1700]
  0x000001c92a243800 ConcurrentGCThread "G1 Conc#1" [stack: 0x0000000403100000,0x0000000403200000] [id=4564]
  0x000001c90b9b2000 ConcurrentGCThread "G1 Refine#0" [stack: 0x0000000401900000,0x0000000401a00000] [id=1068]
  0x000001c90b9b5000 ConcurrentGCThread "G1 Young RemSet Sampling" [stack: 0x0000000401a00000,0x0000000401b00000] [id=16532]

Threads with active compile tasks:
C2 CompilerThread0   3555 3375       4       org.springframework.beans.factory.support.AbstractBeanFactory::isTypeMatch (607 bytes)
C1 CompilerThread0   3556 3472       3       org.springframework.boot.context.properties.source.ConfigurationPropertyName$Elements::newResolved (32 bytes)
C2 CompilerThread1   3556 3453   !   4       java.lang.reflect.Executable::declaredAnnotations (85 bytes)

VM state:not at safepoint (normal execution)

VM Mutex/Monitor currently owned by a thread: None

Heap address: 0x00000000c2000000, size: 992 MB, Compressed Oops mode: 32-bit
Narrow klass base: 0x0000000000000000, Narrow klass shift: 3
Compressed class space size: 1073741824 Address: 0x0000000100000000

Heap:
 garbage-first heap   total 76800K, used 47879K [0x00000000c2000000, 0x0000000100000000)
  region size 1024K, 40 young (40960K), 4 survivors (4096K)
 Metaspace       used 33376K, capacity 34277K, committed 34432K, reserved 1079296K
  class space    used 3884K, capacity 4224K, committed 4224K, reserved 1048576K
Heap Regions: E=young(eden), S=young(survivor), O=old, HS=humongous(starts), HC=humongous(continues), CS=collection set, F=free, A=archive, TAMS=top-at-mark-start (previous, next)
|   0|0x00000000c2000000, 0x00000000c2100000, 0x00000000c2100000|100%|HS|  |TAMS 0x00000000c2100000, 0x00000000c2000000| Complete 
|   1|0x00000000c2100000, 0x00000000c2200000, 0x00000000c2200000|100%| O|  |TAMS 0x00000000c2200000, 0x00000000c2100000| Untracked 
|   2|0x00000000c2200000, 0x00000000c2300000, 0x00000000c2300000|100%| O|  |TAMS 0x00000000c2300000, 0x00000000c2200000| Untracked 
|   3|0x00000000c2300000, 0x00000000c2400000, 0x00000000c2400000|100%| O|  |TAMS 0x00000000c2400000, 0x00000000c2300000| Untracked 
|   4|0x00000000c2400000, 0x00000000c2500000, 0x00000000c2500000|100%| O|  |TAMS 0x00000000c2500000, 0x00000000c2400000| Untracked 
|   5|0x00000000c2500000, 0x00000000c2600000, 0x00000000c2600000|100%| O|  |TAMS 0x00000000c2600000, 0x00000000c2500000| Untracked 
|   6|0x00000000c2600000, 0x00000000c2700000, 0x00000000c2700000|100%| O|  |TAMS 0x00000000c26bb200, 0x00000000c2600000| Untracked 
|   7|0x00000000c2700000, 0x00000000c27c1c00, 0x00000000c2800000| 75%| O|  |TAMS 0x00000000c2700000, 0x00000000c2700000| Untracked 
|   8|0x00000000c2800000, 0x00000000c2800000, 0x00000000c2900000|  0%| F|  |TAMS 0x00000000c2800000, 0x00000000c2800000| Untracked 
|   9|0x00000000c2900000, 0x00000000c2900000, 0x00000000c2a00000|  0%| F|  |TAMS 0x00000000c2900000, 0x00000000c2900000| Untracked 
|  10|0x00000000c2a00000, 0x00000000c2a00000, 0x00000000c2b00000|  0%| F|  |TAMS 0x00000000c2a00000, 0x00000000c2a00000| Untracked 
|  11|0x00000000c2b00000, 0x00000000c2b00000, 0x00000000c2c00000|  0%| F|  |TAMS 0x00000000c2b00000, 0x00000000c2b00000| Untracked 
|  12|0x00000000c2c00000, 0x00000000c2c00000, 0x00000000c2d00000|  0%| F|  |TAMS 0x00000000c2c00000, 0x00000000c2c00000| Untracked 
|  13|0x00000000c2d00000, 0x00000000c2d00000, 0x00000000c2e00000|  0%| F|  |TAMS 0x00000000c2d00000, 0x00000000c2d00000| Untracked 
|  14|0x00000000c2e00000, 0x00000000c2e00000, 0x00000000c2f00000|  0%| F|  |TAMS 0x00000000c2e00000, 0x00000000c2e00000| Untracked 
|  15|0x00000000c2f00000, 0x00000000c2f00000, 0x00000000c3000000|  0%| F|  |TAMS 0x00000000c2f00000, 0x00000000c2f00000| Untracked 
|  16|0x00000000c3000000, 0x00000000c3000000, 0x00000000c3100000|  0%| F|  |TAMS 0x00000000c3000000, 0x00000000c3000000| Untracked 
|  17|0x00000000c3100000, 0x00000000c3100000, 0x00000000c3200000|  0%| F|  |TAMS 0x00000000c3100000, 0x00000000c3100000| Untracked 
|  18|0x00000000c3200000, 0x00000000c3200000, 0x00000000c3300000|  0%| F|  |TAMS 0x00000000c3200000, 0x00000000c3200000| Untracked 
|  19|0x00000000c3300000, 0x00000000c3300000, 0x00000000c3400000|  0%| F|  |TAMS 0x00000000c3300000, 0x00000000c3300000| Untracked 
|  20|0x00000000c3400000, 0x00000000c3400000, 0x00000000c3500000|  0%| F|  |TAMS 0x00000000c3400000, 0x00000000c3400000| Untracked 
|  21|0x00000000c3500000, 0x00000000c3500000, 0x00000000c3600000|  0%| F|  |TAMS 0x00000000c3500000, 0x00000000c3500000| Untracked 
|  22|0x00000000c3600000, 0x00000000c3600000, 0x00000000c3700000|  0%| F|  |TAMS 0x00000000c3600000, 0x00000000c3600000| Untracked 
|  23|0x00000000c3700000, 0x00000000c3700000, 0x00000000c3800000|  0%| F|  |TAMS 0x00000000c3700000, 0x00000000c3700000| Untracked 
|  24|0x00000000c3800000, 0x00000000c3800000, 0x00000000c3900000|  0%| F|  |TAMS 0x00000000c3800000, 0x00000000c3800000| Untracked 
|  25|0x00000000c3900000, 0x00000000c3900000, 0x00000000c3a00000|  0%| F|  |TAMS 0x00000000c3900000, 0x00000000c3900000| Untracked 
|  26|0x00000000c3a00000, 0x00000000c3a00000, 0x00000000c3b00000|  0%| F|  |TAMS 0x00000000c3a00000, 0x00000000c3a00000| Untracked 
|  27|0x00000000c3b00000, 0x00000000c3b00000, 0x00000000c3c00000|  0%| F|  |TAMS 0x00000000c3b00000, 0x00000000c3b00000| Untracked 
|  28|0x00000000c3c00000, 0x00000000c3c00000, 0x00000000c3d00000|  0%| F|  |TAMS 0x00000000c3c00000, 0x00000000c3c00000| Untracked 
|  29|0x00000000c3d00000, 0x00000000c3e00000, 0x00000000c3e00000|100%| S|CS|TAMS 0x00000000c3d00000, 0x00000000c3d00000| Complete 
|  30|0x00000000c3e00000, 0x00000000c3f00000, 0x00000000c3f00000|100%| S|CS|TAMS 0x00000000c3e00000, 0x00000000c3e00000| Complete 
|  31|0x00000000c3f00000, 0x00000000c4000000, 0x00000000c4000000|100%| S|CS|TAMS 0x00000000c3f00000, 0x00000000c3f00000| Complete 
|  32|0x00000000c4000000, 0x00000000c4100000, 0x00000000c4100000|100%| S|CS|TAMS 0x00000000c4000000, 0x00000000c4000000| Complete 
|  33|0x00000000c4100000, 0x00000000c4100000, 0x00000000c4200000|  0%| F|  |TAMS 0x00000000c4100000, 0x00000000c4100000| Untracked 
|  34|0x00000000c4200000, 0x00000000c4200000, 0x00000000c4300000|  0%| F|  |TAMS 0x00000000c4200000, 0x00000000c4200000| Untracked 
|  35|0x00000000c4300000, 0x00000000c4300000, 0x00000000c4400000|  0%| F|  |TAMS 0x00000000c4300000, 0x00000000c4300000| Untracked 
|  36|0x00000000c4400000, 0x00000000c4400000, 0x00000000c4500000|  0%| F|  |TAMS 0x00000000c4400000, 0x00000000c4400000| Untracked 
|  37|0x00000000c4500000, 0x00000000c4500000, 0x00000000c4600000|  0%| F|  |TAMS 0x00000000c4500000, 0x00000000c4500000| Untracked 
|  38|0x00000000c4600000, 0x00000000c4600000, 0x00000000c4700000|  0%| F|  |TAMS 0x00000000c4600000, 0x00000000c4600000| Untracked 
|  39|0x00000000c4700000, 0x00000000c4780800, 0x00000000c4800000| 50%| E|  |TAMS 0x00000000c4700000, 0x00000000c4700000| Complete 
|  40|0x00000000c4800000, 0x00000000c4900000, 0x00000000c4900000|100%| E|CS|TAMS 0x00000000c4800000, 0x00000000c4800000| Complete 
|  41|0x00000000c4900000, 0x00000000c4a00000, 0x00000000c4a00000|100%| E|CS|TAMS 0x00000000c4900000, 0x00000000c4900000| Complete 
|  42|0x00000000c4a00000, 0x00000000c4b00000, 0x00000000c4b00000|100%| E|CS|TAMS 0x00000000c4a00000, 0x00000000c4a00000| Complete 
|  43|0x00000000c4b00000, 0x00000000c4c00000, 0x00000000c4c00000|100%| E|CS|TAMS 0x00000000c4b00000, 0x00000000c4b00000| Complete 
|  44|0x00000000c4c00000, 0x00000000c4d00000, 0x00000000c4d00000|100%| E|CS|TAMS 0x00000000c4c00000, 0x00000000c4c00000| Complete 
|  45|0x00000000c4d00000, 0x00000000c4e00000, 0x00000000c4e00000|100%| E|CS|TAMS 0x00000000c4d00000, 0x00000000c4d00000| Complete 
|  46|0x00000000c4e00000, 0x00000000c4f00000, 0x00000000c4f00000|100%| E|CS|TAMS 0x00000000c4e00000, 0x00000000c4e00000| Complete 
|  47|0x00000000c4f00000, 0x00000000c5000000, 0x00000000c5000000|100%| E|CS|TAMS 0x00000000c4f00000, 0x00000000c4f00000| Complete 
|  48|0x00000000c5000000, 0x00000000c5100000, 0x00000000c5100000|100%| E|CS|TAMS 0x00000000c5000000, 0x00000000c5000000| Complete 
|  49|0x00000000c5100000, 0x00000000c5200000, 0x00000000c5200000|100%| E|CS|TAMS 0x00000000c5100000, 0x00000000c5100000| Complete 
|  50|0x00000000c5200000, 0x00000000c5300000, 0x00000000c5300000|100%| E|CS|TAMS 0x00000000c5200000, 0x00000000c5200000| Complete 
|  51|0x00000000c5300000, 0x00000000c5400000, 0x00000000c5400000|100%| E|CS|TAMS 0x00000000c5300000, 0x00000000c5300000| Complete 
|  52|0x00000000c5400000, 0x00000000c5500000, 0x00000000c5500000|100%| E|CS|TAMS 0x00000000c5400000, 0x00000000c5400000| Complete 
|  53|0x00000000c5500000, 0x00000000c5600000, 0x00000000c5600000|100%| E|CS|TAMS 0x00000000c5500000, 0x00000000c5500000| Complete 
|  54|0x00000000c5600000, 0x00000000c5700000, 0x00000000c5700000|100%| E|CS|TAMS 0x00000000c5600000, 0x00000000c5600000| Complete 
|  55|0x00000000c5700000, 0x00000000c5800000, 0x00000000c5800000|100%| E|CS|TAMS 0x00000000c5700000, 0x00000000c5700000| Complete 
|  56|0x00000000c5800000, 0x00000000c5900000, 0x00000000c5900000|100%| E|CS|TAMS 0x00000000c5800000, 0x00000000c5800000| Complete 
|  57|0x00000000c5900000, 0x00000000c5a00000, 0x00000000c5a00000|100%| E|CS|TAMS 0x00000000c5900000, 0x00000000c5900000| Complete 
|  58|0x00000000c5a00000, 0x00000000c5b00000, 0x00000000c5b00000|100%| E|CS|TAMS 0x00000000c5a00000, 0x00000000c5a00000| Complete 
|  59|0x00000000c5b00000, 0x00000000c5c00000, 0x00000000c5c00000|100%| E|CS|TAMS 0x00000000c5b00000, 0x00000000c5b00000| Complete 
|  60|0x00000000c5c00000, 0x00000000c5d00000, 0x00000000c5d00000|100%| E|CS|TAMS 0x00000000c5c00000, 0x00000000c5c00000| Complete 
|  61|0x00000000c5d00000, 0x00000000c5e00000, 0x00000000c5e00000|100%| E|CS|TAMS 0x00000000c5d00000, 0x00000000c5d00000| Complete 
|  62|0x00000000c5e00000, 0x00000000c5f00000, 0x00000000c5f00000|100%| E|CS|TAMS 0x00000000c5e00000, 0x00000000c5e00000| Complete 
|  63|0x00000000c5f00000, 0x00000000c6000000, 0x00000000c6000000|100%| E|CS|TAMS 0x00000000c5f00000, 0x00000000c5f00000| Complete 
|  64|0x00000000c6000000, 0x00000000c6100000, 0x00000000c6100000|100%| E|CS|TAMS 0x00000000c6000000, 0x00000000c6000000| Complete 
|  65|0x00000000c6100000, 0x00000000c6200000, 0x00000000c6200000|100%| E|CS|TAMS 0x00000000c6100000, 0x00000000c6100000| Complete 
|  66|0x00000000c6200000, 0x00000000c6300000, 0x00000000c6300000|100%| E|CS|TAMS 0x00000000c6200000, 0x00000000c6200000| Complete 
|  67|0x00000000c6300000, 0x00000000c6400000, 0x00000000c6400000|100%| E|CS|TAMS 0x00000000c6300000, 0x00000000c6300000| Complete 
|  68|0x00000000c6400000, 0x00000000c6500000, 0x00000000c6500000|100%| E|CS|TAMS 0x00000000c6400000, 0x00000000c6400000| Complete 
|  69|0x00000000c6500000, 0x00000000c6600000, 0x00000000c6600000|100%| E|CS|TAMS 0x00000000c6500000, 0x00000000c6500000| Complete 
|  70|0x00000000c6600000, 0x00000000c6700000, 0x00000000c6700000|100%| E|CS|TAMS 0x00000000c6600000, 0x00000000c6600000| Complete 
|  71|0x00000000c6700000, 0x00000000c6800000, 0x00000000c6800000|100%| E|CS|TAMS 0x00000000c6700000, 0x00000000c6700000| Complete 
|  72|0x00000000c6800000, 0x00000000c6900000, 0x00000000c6900000|100%| E|CS|TAMS 0x00000000c6800000, 0x00000000c6800000| Complete 
|  73|0x00000000c6900000, 0x00000000c6a00000, 0x00000000c6a00000|100%| E|CS|TAMS 0x00000000c6900000, 0x00000000c6900000| Complete 
|  74|0x00000000c6a00000, 0x00000000c6b00000, 0x00000000c6b00000|100%| E|CS|TAMS 0x00000000c6a00000, 0x00000000c6a00000| Complete 

Card table byte_map: [0x000001c9232c0000,0x000001c9234b0000] _byte_map_base: 0x000001c922cb0000

Marking Bits (Prev, Next): (CMBitMap*) 0x000001c90b94d980, (CMBitMap*) 0x000001c90b94d948
 Prev Bits: [0x000001c924620000, 0x000001c9255a0000)
 Next Bits: [0x000001c9236a0000, 0x000001c924620000)

Polling page: 0x000001c909900000

Metaspace:

Usage:
  Non-class:     29.35 MB capacity,    28.80 MB ( 98%) used,   458.70 KB (  2%) free+waste,    99.88 KB ( <1%) overhead. 
      Class:      4.13 MB capacity,     3.79 MB ( 92%) used,   291.94 KB (  7%) free+waste,    47.25 KB (  1%) overhead. 
       Both:     33.47 MB capacity,    32.60 MB ( 97%) used,   750.63 KB (  2%) free+waste,   147.13 KB ( <1%) overhead. 

Virtual space:
  Non-class space:       30.00 MB reserved,      29.50 MB ( 98%) committed 
      Class space:        1.00 GB reserved,       4.13 MB ( <1%) committed 
             Both:        1.03 GB reserved,      33.63 MB (  3%) committed 

Chunk freelists:
   Non-Class:  3.38 KB
       Class:  0 bytes
        Both:  3.38 KB

CodeHeap 'non-profiled nmethods': size=120000Kb used=1546Kb max_used=1546Kb free=118453Kb
 bounds [0x000001c91b870000, 0x000001c91bae0000, 0x000001c922da0000]
CodeHeap 'profiled nmethods': size=120000Kb used=7796Kb max_used=7796Kb free=112204Kb
 bounds [0x000001c914340000, 0x000001c914ae0000, 0x000001c91b870000]
CodeHeap 'non-nmethods': size=5760Kb used=1135Kb max_used=1171Kb free=4624Kb
 bounds [0x000001c913da0000, 0x000001c914010000, 0x000001c914340000]
 total_blobs=3808 nmethods=3355 adapters=363
 compilation: enabled
              stopped_count=0, restarted_count=0
 full_count=0

Compilation events (10 events):
Event: 3.475 Thread 0x000001c928f6b800 3443 %     4       java.util.Properties::load0 @ 29 (249 bytes)
Event: 3.478 Thread 0x000001c928009800 nmethod 3442 0x000001c914ac2910 code [0x000001c914ac2ce0, 0x000001c914ac5940]
Event: 3.480 Thread 0x000001c928009800 3444       3       java.util.Locale::hashCode (41 bytes)
Event: 3.480 Thread 0x000001c928009800 nmethod 3444 0x000001c914ac6690 code [0x000001c914ac6860, 0x000001c914ac6ac0]
Event: 3.491 Thread 0x000001c928f6b800 nmethod 3443% 0x000001c91b9efb10 code [0x000001c91b9efd00, 0x000001c91b9f0750]
Event: 3.494 Thread 0x000001c928009800 3445   !   3       org.springframework.beans.factory.support.FactoryBeanRegistrySupport::getTypeForFactoryBean (50 bytes)
Event: 3.494 Thread 0x000001c928f6b800 3446       4       org.springframework.beans.factory.support.AbstractBeanFactory::isFactoryBean (60 bytes)
Event: 3.495 Thread 0x000001c928009800 nmethod 3445 0x000001c914ac6b90 code [0x000001c914ac6da0, 0x000001c914ac7470]
Event: 3.495 Thread 0x000001c928009800 3447       1       org.springframework.beans.factory.support.DefaultSingletonBeanRegistry::getSingletonMutex (5 bytes)
Event: 3.495 Thread 0x000001c928009800 nmethod 3447 0x000001c91b9f0c90 code [0x000001c91b9f0e20, 0x000001c91b9f0f38]

GC Heap History (10 events):
Event: 1.205 GC heap before
{Heap before GC invocations=2 (full 0):
 garbage-first heap   total 63488K, used 34603K [0x00000000c2000000, 0x0000000100000000)
  region size 1024K, 29 young (29696K), 1 survivors (1024K)
 Metaspace       used 15637K, capacity 16064K, committed 16128K, reserved 1062912K
  class space    used 1645K, capacity 1789K, committed 1792K, reserved 1048576K
}
Event: 1.207 GC heap after
{Heap after GC invocations=3 (full 0):
 garbage-first heap   total 63488K, used 8234K [0x00000000c2000000, 0x0000000100000000)
  region size 1024K, 2 young (2048K), 2 survivors (2048K)
 Metaspace       used 15637K, capacity 16064K, committed 16128K, reserved 1062912K
  class space    used 1645K, capacity 1789K, committed 1792K, reserved 1048576K
}
Event: 1.489 GC heap before
{Heap before GC invocations=3 (full 0):
 garbage-first heap   total 63488K, used 29738K [0x00000000c2000000, 0x0000000100000000)
  region size 1024K, 25 young (25600K), 2 survivors (2048K)
 Metaspace       used 20619K, capacity 21116K, committed 21248K, reserved 1069056K
  class space    used 2232K, capacity 2434K, committed 2560K, reserved 1048576K
}
Event: 1.493 GC heap after
{Heap after GC invocations=4 (full 0):
 garbage-first heap   total 63488K, used 8962K [0x00000000c2000000, 0x0000000100000000)
  region size 1024K, 3 young (3072K), 3 survivors (3072K)
 Metaspace       used 20619K, capacity 21116K, committed 21248K, reserved 1069056K
  class space    used 2232K, capacity 2434K, committed 2560K, reserved 1048576K
}
Event: 1.951 GC heap before
{Heap before GC invocations=5 (full 0):
 garbage-first heap   total 63488K, used 41730K [0x00000000c2000000, 0x0000000100000000)
  region size 1024K, 36 young (36864K), 3 survivors (3072K)
 Metaspace       used 24074K, capacity 24647K, committed 24704K, reserved 1071104K
  class space    used 2687K, capacity 2909K, committed 2944K, reserved 1048576K
}
Event: 1.955 GC heap after
{Heap after GC invocations=6 (full 0):
 garbage-first heap   total 63488K, used 10247K [0x00000000c2000000, 0x0000000100000000)
  region size 1024K, 4 young (4096K), 4 survivors (4096K)
 Metaspace       used 24074K, capacity 24647K, committed 24704K, reserved 1071104K
  class space    used 2687K, capacity 2909K, committed 2944K, reserved 1048576K
}
Event: 2.082 GC heap before
{Heap before GC invocations=6 (full 0):
 garbage-first heap   total 63488K, used 43015K [0x00000000c2000000, 0x0000000100000000)
  region size 1024K, 37 young (37888K), 4 survivors (4096K)
 Metaspace       used 24819K, capacity 25407K, committed 25600K, reserved 1071104K
  class space    used 2770K, capacity 2992K, committed 3072K, reserved 1048576K
}
Event: 2.086 GC heap after
{Heap after GC invocations=7 (full 0):
 garbage-first heap   total 76800K, used 10762K [0x00000000c2000000, 0x0000000100000000)
  region size 1024K, 3 young (3072K), 3 survivors (3072K)
 Metaspace       used 24819K, capacity 25407K, committed 25600K, reserved 1071104K
  class space    used 2770K, capacity 2992K, committed 3072K, reserved 1048576K
}
Event: 2.752 GC heap before
{Heap before GC invocations=7 (full 0):
 garbage-first heap   total 76800K, used 53770K [0x00000000c2000000, 0x0000000100000000)
  region size 1024K, 45 young (46080K), 3 survivors (3072K)
 Metaspace       used 27964K, capacity 28734K, committed 28928K, reserved 1075200K
  class space    used 3162K, capacity 3475K, committed 3584K, reserved 1048576K
}
Event: 2.756 GC heap after
{Heap after GC invocations=8 (full 0):
 garbage-first heap   total 76800K, used 12039K [0x00000000c2000000, 0x0000000100000000)
  region size 1024K, 4 young (4096K), 4 survivors (4096K)
 Metaspace       used 27964K, capacity 28734K, committed 28928K, reserved 1075200K
  class space    used 3162K, capacity 3475K, committed 3584K, reserved 1048576K
}

Deoptimization events (10 events):
Event: 3.331 Thread 0x000001c92982f800 Uncommon trap: reason=class_check action=maybe_recompile pc=0x000001c91b9d95ec method=org.springframework.beans.factory.support.AbstractAutowireCapableBeanFactory.predictBeanType(Ljava/lang/String;Lorg/springframework/beans/factory/support/RootBeanDefinit
Event: 3.331 Thread 0x000001c92982f800 Uncommon trap: reason=class_check action=maybe_recompile pc=0x000001c91b9d95ec method=org.springframework.beans.factory.support.AbstractAutowireCapableBeanFactory.predictBeanType(Ljava/lang/String;Lorg/springframework/beans/factory/support/RootBeanDefinit
Event: 3.397 Thread 0x000001c92982f800 Uncommon trap: reason=unstable_if action=reinterpret pc=0x000001c91b9a6848 method=org.springframework.util.ConcurrentReferenceHashMap$Segment.findInChain(Lorg/springframework/util/ConcurrentReferenceHashMap$Reference;Ljava/lang/Object;I)Lorg/springframewo
Event: 3.397 Thread 0x000001c92982f800 Uncommon trap: reason=unstable_if action=reinterpret pc=0x000001c91b9a4bb4 method=org.springframework.util.ConcurrentReferenceHashMap$Segment.findInChain(Lorg/springframework/util/ConcurrentReferenceHashMap$Reference;Ljava/lang/Object;I)Lorg/springframewo
Event: 3.474 Thread 0x000001c92982f800 Uncommon trap: reason=unstable_if action=reinterpret pc=0x000001c91b944450 method=java.util.Properties$LineReader.readLine()I @ 25 c2
Event: 3.475 Thread 0x000001c92982f800 Uncommon trap: reason=unstable_if action=reinterpret pc=0x000001c91b93b100 method=java.util.Properties$LineReader.readLine()I @ 117 c2
Event: 3.476 Thread 0x000001c92982f800 Uncommon trap: reason=unstable_if action=reinterpret pc=0x000001c91b905244 method=java.nio.Buffer.position(I)Ljava/nio/Buffer; @ 45 c2
Event: 3.477 Thread 0x000001c92982f800 Uncommon trap: reason=unstable_if action=reinterpret pc=0x000001c91b8e05c0 method=java.nio.Buffer.position(I)Ljava/nio/Buffer; @ 45 c2
Event: 3.479 Thread 0x000001c92982f800 Uncommon trap: reason=unstable_if action=reinterpret pc=0x000001c91b8fe538 method=sun.net.www.ParseUtil.firstEncodeIndex(Ljava/lang/String;)I @ 51 c2
Event: 3.480 Thread 0x000001c92982f800 Uncommon trap: reason=unstable_if action=reinterpret pc=0x000001c91b8c9304 method=sun.net.www.ParseUtil.firstEncodeIndex(Ljava/lang/String;)I @ 51 c2

Classes redefined (0 events):
No events

Internal exceptions (10 events):
Event: 3.213 Thread 0x000001c92982f800 Exception <a 'java/lang/ClassNotFoundException'{0x00000000c53c2208}: org/springframework/ws/config/annotation/DelegatingWsConfiguration$$EnhancerBySpringCGLIB$$1524d35aCustomizer> (0x00000000c53c2208) thrown at [./open/src/hotspot/share/classfile/systemDi
Event: 3.214 Thread 0x000001c92982f800 Exception <a 'java/lang/ClassNotFoundException'{0x00000000c53df6c8}: org/springframework/context/annotation/ConfigurationClassEnhancer$EnhancedConfigurationCustomizer> (0x00000000c53df6c8) thrown at [./open/src/hotspot/share/classfile/systemDictionary.cpp
Event: 3.215 Thread 0x000001c92982f800 Exception <a 'java/lang/ClassNotFoundException'{0x00000000c53ed6f8}: org/springframework/beans/factory/BeanFactoryAwareCustomizer> (0x00000000c53ed6f8) thrown at [./open/src/hotspot/share/classfile/systemDictionary.cpp, line 228]
Event: 3.215 Thread 0x000001c92982f800 Exception <a 'java/lang/ClassNotFoundException'{0x00000000c53fb0a8}: org/springframework/beans/factory/AwareCustomizer> (0x00000000c53fb0a8) thrown at [./open/src/hotspot/share/classfile/systemDictionary.cpp, line 228]
Event: 3.372 Thread 0x000001c92982f800 Exception <a 'java/lang/ClassNotFoundException'{0x00000000c4efb4c8}: java/lang/ObjectCustomizer> (0x00000000c4efb4c8) thrown at [./open/src/hotspot/share/classfile/systemDictionary.cpp, line 228]
Event: 3.373 Thread 0x000001c92982f800 Exception <a 'java/lang/ClassNotFoundException'{0x00000000c4d111e0}: org/springframework/transaction/annotation/AbstractTransactionManagementConfigurationCustomizer> (0x00000000c4d111e0) thrown at [./open/src/hotspot/share/classfile/systemDictionary.cpp, 
Event: 3.374 Thread 0x000001c92982f800 Exception <a 'java/lang/ClassNotFoundException'{0x00000000c4d25a08}: org/springframework/transaction/annotation/ProxyTransactionManagementConfigurationCustomizer> (0x00000000c4d25a08) thrown at [./open/src/hotspot/share/classfile/systemDictionary.cpp, lin
Event: 3.377 Thread 0x000001c92982f800 Exception <a 'java/lang/ClassNotFoundException'{0x00000000c4d384b8}: org/springframework/context/annotation/ImportAwareCustomizer> (0x00000000c4d384b8) thrown at [./open/src/hotspot/share/classfile/systemDictionary.cpp, line 228]
Event: 3.378 Thread 0x000001c92982f800 Exception <a 'java/lang/ClassNotFoundException'{0x00000000c4d46590}: org/springframework/beans/factory/AwareCustomizer> (0x00000000c4d46590) thrown at [./open/src/hotspot/share/classfile/systemDictionary.cpp, line 228]
Event: 3.497 Thread 0x000001c92982f800 Exception <a 'java/lang/NoSuchMethodError'{0x00000000c4ad0ec8}: java.lang.invoke.DirectMethodHandle$Holder.invokeSpecial(Ljava/lang/Object;Ljava/lang/Object;Ljava/lang/Object;Ljava/lang/Object;Ljava/lang/Object;)I> (0x00000000c4ad0ec8) thrown at [./open/s

Events (10 events):
Event: 3.498 loading class java/util/stream/SortedOps$OfRef
Event: 3.499 loading class java/util/stream/ReferencePipeline$StatefulOp
Event: 3.499 loading class java/util/stream/ReferencePipeline$StatefulOp done
Event: 3.499 loading class java/util/stream/SortedOps$OfRef done
Event: 3.499 Executing VM operation: Deoptimize
Event: 3.500 Executing VM operation: Deoptimize done
Event: 3.500 loading class java/util/stream/SortedOps$RefSortingSink
Event: 3.500 loading class java/util/stream/SortedOps$AbstractRefSortingSink
Event: 3.500 loading class java/util/stream/SortedOps$AbstractRefSortingSink done
Event: 3.500 loading class java/util/stream/SortedOps$RefSortingSink done


Dynamic libraries:
0x00007ff7d8210000 - 0x00007ff7d821f000 	C:\Program Files\Java\jdk-11.0.9\bin\javaw.exe
0x00007ffb12030000 - 0x00007ffb12226000 	C:\Windows\SYSTEM32\ntdll.dll
0x00007ffb10130000 - 0x00007ffb101ed000 	C:\Windows\System32\KERNEL32.DLL
0x00007ffb0f7f0000 - 0x00007ffb0fab9000 	C:\Windows\System32\KERNELBASE.dll
0x00007ffb0fde0000 - 0x00007ffb0fee0000 	C:\Windows\System32\ucrtbase.dll
0x00007ffb01a10000 - 0x00007ffb01a25000 	C:\Program Files\Java\jdk-11.0.9\bin\VCRUNTIME140.dll
0x00007ffb01a70000 - 0x00007ffb01a88000 	C:\Program Files\Java\jdk-11.0.9\bin\jli.dll
0x00007ffb10b50000 - 0x00007ffb10bfc000 	C:\Windows\System32\ADVAPI32.dll
0x00007ffb10090000 - 0x00007ffb1012e000 	C:\Windows\System32\msvcrt.dll
0x00007ffb10910000 - 0x00007ffb109ac000 	C:\Windows\System32\sechost.dll
0x00007ffb119f0000 - 0x00007ffb11b1b000 	C:\Windows\System32\RPCRT4.dll
0x00007ffb10770000 - 0x00007ffb10910000 	C:\Windows\System32\USER32.dll
0x00007ffafd1e0000 - 0x00007ffafd47b000 	C:\Windows\WinSxS\amd64_microsoft.windows.common-controls_6595b64144ccf1df_6.0.19041.746_none_ca02b4b61b8320a4\COMCTL32.dll
0x00007ffb0ffb0000 - 0x00007ffb0ffd2000 	C:\Windows\System32\win32u.dll
0x00007ffb11b20000 - 0x00007ffb11b4a000 	C:\Windows\System32\GDI32.dll
0x00007ffb0fac0000 - 0x00007ffb0fbcb000 	C:\Windows\System32\gdi32full.dll
0x00007ffb0fee0000 - 0x00007ffb0ff7d000 	C:\Windows\System32\msvcp_win.dll
0x00007ffb08fa0000 - 0x00007ffb08faa000 	C:\Windows\SYSTEM32\VERSION.dll
0x00007ffb11b50000 - 0x00007ffb11b80000 	C:\Windows\System32\IMM32.DLL
0x00007ffb01060000 - 0x00007ffb010fb000 	C:\Program Files\Java\jdk-11.0.9\bin\msvcp140.dll
0x00007ffaa0560000 - 0x00007ffaa1057000 	C:\Program Files\Java\jdk-11.0.9\bin\server\jvm.dll
0x00007ffb10540000 - 0x00007ffb10548000 	C:\Windows\System32\PSAPI.DLL
0x00007ffb04b60000 - 0x00007ffb04b87000 	C:\Windows\SYSTEM32\WINMM.dll
0x00007ffafafa0000 - 0x00007ffafafa9000 	C:\Windows\SYSTEM32\WSOCK32.dll
0x00007ffb10df0000 - 0x00007ffb10e5b000 	C:\Windows\System32\WS2_32.dll
0x00007ffb0e040000 - 0x00007ffb0e052000 	C:\Windows\SYSTEM32\kernel.appcore.dll
0x00007ffb0ae80000 - 0x00007ffb0ae90000 	C:\Program Files\Java\jdk-11.0.9\bin\verify.dll
0x00007ffb0d5b0000 - 0x00007ffb0d794000 	C:\Windows\SYSTEM32\DBGHELP.DLL
0x00007ffaf6df0000 - 0x00007ffaf6e1c000 	C:\Windows\SYSTEM32\dbgcore.DLL
0x00007ffb0f770000 - 0x00007ffb0f7f0000 	C:\Windows\System32\bcryptPrimitives.dll
0x00007ffb019c0000 - 0x00007ffb019e8000 	C:\Program Files\Java\jdk-11.0.9\bin\java.dll
0x00007ffb0ae10000 - 0x00007ffb0ae1a000 	C:\Program Files\Java\jdk-11.0.9\bin\jimage.dll
0x00007ffb01280000 - 0x00007ffb01296000 	C:\Program Files\Java\jdk-11.0.9\bin\zip.dll
0x00007ffb112a0000 - 0x00007ffb119e2000 	C:\Windows\System32\SHELL32.dll
0x00007ffb0d8a0000 - 0x00007ffb0e030000 	C:\Windows\SYSTEM32\windows.storage.dll
0x00007ffb10e60000 - 0x00007ffb111b6000 	C:\Windows\System32\combase.dll
0x00007ffb0f1d0000 - 0x00007ffb0f1fc000 	C:\Windows\SYSTEM32\Wldp.dll
0x00007ffb10aa0000 - 0x00007ffb10b4e000 	C:\Windows\System32\SHCORE.dll
0x00007ffb11240000 - 0x00007ffb11295000 	C:\Windows\System32\shlwapi.dll
0x00007ffb0f6a0000 - 0x00007ffb0f6c6000 	C:\Windows\SYSTEM32\profapi.dll
0x00007ffb01040000 - 0x00007ffb01059000 	C:\Program Files\Java\jdk-11.0.9\bin\net.dll
0x00007ffafcdd0000 - 0x00007ffafced0000 	C:\Windows\SYSTEM32\WINHTTP.dll
0x00007ffb0ef50000 - 0x00007ffb0efba000 	C:\Windows\system32\mswsock.dll
0x00007ffb01020000 - 0x00007ffb01032000 	C:\Program Files\Java\jdk-11.0.9\bin\nio.dll
0x00007ffb06b30000 - 0x00007ffb06b39000 	C:\Program Files\Java\jdk-11.0.9\bin\management.dll
0x00007ffb01a60000 - 0x00007ffb01a6b000 	C:\Program Files\Java\jdk-11.0.9\bin\management_ext.dll
0x00007ffaf3bf0000 - 0x00007ffaf3c07000 	C:\Windows\system32\napinsp.dll
0x00007ffaf3bd0000 - 0x00007ffaf3beb000 	C:\Windows\system32\pnrpnsp.dll
0x00007ffaf3bb0000 - 0x00007ffaf3bc5000 	C:\Windows\system32\wshbth.dll
0x00007ffb0ad40000 - 0x00007ffb0ad5d000 	C:\Windows\system32\NLAapi.dll
0x00007ffb0ebf0000 - 0x00007ffb0ec2b000 	C:\Windows\SYSTEM32\IPHLPAPI.DLL
0x00007ffb0ec30000 - 0x00007ffb0ecfb000 	C:\Windows\SYSTEM32\DNSAPI.dll
0x00007ffb10550000 - 0x00007ffb10558000 	C:\Windows\System32\NSI.dll
0x00007ffaf3b90000 - 0x00007ffaf3ba2000 	C:\Windows\System32\winrnr.dll
0x00007ffafd550000 - 0x00007ffafd55a000 	C:\Windows\System32\rasadhlp.dll
0x00007ffafcd50000 - 0x00007ffafcdcf000 	C:\Windows\System32\fwpuclnt.dll
0x00007ffb0ff80000 - 0x00007ffb0ffa7000 	C:\Windows\System32\bcrypt.dll

dbghelp: loaded successfully - version: 4.0.5 - missing functions: none
symbol engine: initialized successfully - sym options: 0x614 - pdb path: .;C:\Program Files\Java\jdk-11.0.9\bin;C:\Windows\SYSTEM32;C:\Windows\WinSxS\amd64_microsoft.windows.common-controls_6595b64144ccf1df_6.0.19041.746_none_ca02b4b61b8320a4;C:\Program Files\Java\jdk-11.0.9\bin\server

VM Arguments:
jvm_args: -Dfile.encoding=UTF-8 
java_command: com.digitalaube.checkart.CheckArtApplication
java_class_path (initial): C:\Users\Belkoweb\Code\AR\checkart\checkArt\target\classes;C:\Users\Belkoweb\.m2\repository\io\jsonwebtoken\jjwt\0.9.1\jjwt-0.9.1.jar;C:\Users\Belkoweb\.m2\repository\com\fasterxml\jackson\core\jackson-databind\2.11.4\jackson-databind-2.11.4.jar;C:\Users\Belkoweb\.m2\repository\com\fasterxml\jackson\core\jackson-annotations\2.11.4\jackson-annotations-2.11.4.jar;C:\Users\Belkoweb\.m2\repository\com\fasterxml\jackson\core\jackson-core\2.11.4\jackson-core-2.11.4.jar;C:\Users\Belkoweb\.m2\repository\org\springframework\boot\spring-boot-starter-security\2.3.9.RELEASE\spring-boot-starter-security-2.3.9.RELEASE.jar;C:\Users\Belkoweb\.m2\repository\org\springframework\boot\spring-boot-starter\2.3.9.RELEASE\spring-boot-starter-2.3.9.RELEASE.jar;C:\Users\Belkoweb\.m2\repository\org\springframework\boot\spring-boot-starter-logging\2.3.9.RELEASE\spring-boot-starter-logging-2.3.9.RELEASE.jar;C:\Users\Belkoweb\.m2\repository\ch\qos\logback\logback-classic\1.2.3\logback-classic-1.2.3.jar;C:\Users\Belkoweb\.m2\repository\ch\qos\logback\logback-core\1.2.3\logback-core-1.2.3.jar;C:\Users\Belkoweb\.m2\repository\org\apache\logging\log4j\log4j-to-slf4j\2.13.3\log4j-to-slf4j-2.13.3.jar;C:\Users\Belkoweb\.m2\repository\org\apache\logging\log4j\log4j-api\2.13.3\log4j-api-2.13.3.jar;C:\Users\Belkoweb\.m2\repository\org\slf4j\jul-to-slf4j\1.7.30\jul-to-slf4j-1.7.30.jar;C:\Users\Belkoweb\.m2\repository\jakarta\annotation\jakarta.annotation-api\1.3.5\jakarta.annotation-api-1.3.5.jar;C:\Users\Belkoweb\.m2\repository\org\yaml\snakeyaml\1.26\snakeyaml-1.26.jar;C:\Users\Belkoweb\.m2\repository\org\springframework\spring-aop\5.2.13.RELEASE\spring-aop-5.2.13.RELEASE.jar;C:\Users\Belkoweb\.m2\repository\org\springframework\spring-beans\5.2.13.RELEASE\spring-beans-5.2.13.RELEASE.jar;C:\Users\Belkoweb\.m2\repository\org\springframework\security\spring-security-config\5.3.8.RELEASE\spring-security-config-5.3.8.RELEASE.jar;C:\Users\Belkoweb\.m2\repository\org\springframework
Launcher Type: SUN_STANDARD

[Global flags]
     intx CICompilerCount                          = 4                                         {product} {ergonomic}
     uint ConcGCThreads                            = 2                                         {product} {ergonomic}
     uint G1ConcRefinementThreads                  = 8                                         {product} {ergonomic}
   size_t G1HeapRegionSize                         = 1048576                                   {product} {ergonomic}
    uintx GCDrainStackTargetSize                   = 64                                        {product} {ergonomic}
   size_t InitialHeapSize                          = 65011712                                  {product} {ergonomic}
   size_t MarkStackSize                            = 4194304                                   {product} {ergonomic}
   size_t MaxHeapSize                              = 1040187392                                {product} {ergonomic}
   size_t MaxNewSize                               = 623902720                                 {product} {ergonomic}
   size_t MinHeapDeltaBytes                        = 1048576                                   {product} {ergonomic}
    uintx NonNMethodCodeHeapSize                   = 5836300                                {pd product} {ergonomic}
    uintx NonProfiledCodeHeapSize                  = 122910970                              {pd product} {ergonomic}
    uintx ProfiledCodeHeapSize                     = 122910970                              {pd product} {ergonomic}
    uintx ReservedCodeCacheSize                    = 251658240                              {pd product} {ergonomic}
     bool SegmentedCodeCache                       = true                                      {product} {ergonomic}
     bool UseCompressedClassPointers               = true                                 {lp64_product} {ergonomic}
     bool UseCompressedOops                        = true                                 {lp64_product} {ergonomic}
     bool UseG1GC                                  = true                                      {product} {ergonomic}
     bool UseLargePagesIndividualAllocation        = false                                  {pd product} {ergonomic}

Logging:
Log output configuration:
 #0: stdout all=warning uptime,level,tags
 #1: stderr all=off uptime,level,tags

Environment Variables:
JAVA_HOME=C:\Program Files\Android\Android Studio\jre
PATH=C:\Program Files (x86)\Common Files\Oracle\Java\javapath;C:\oraclexe\app\oracle\product\11.2.0\server\bin;C:\Program Files\Common Files\Oracle\Java\javapath;C:\Windows\system32;C:\Windows;C:\Windows\System32\Wbem;C:\Windows\System32\WindowsPowerShell\v1.0\;C:\Windows\System32\OpenSSH\;C:\Program Files\Symfony;C:\Program Files\Git\cmd;C:\wamp64\bin\php\php7.4.0;C:\ProgramData\ComposerSetup\bin;C:\Program Files\PuTTY\;C:\Program Files\nodejs\;C:\Program Files\dotnet\;C:\Program Files\Java\jdk1.6.0_45;C:\Users\Belkoweb\AppData\Local\Microsoft\WindowsApps;C:\Users\Belkoweb\AppData\Roaming\Composer\vendor\bin;C:\Users\Belkoweb\AppData\Roaming\npm;C:\Program Files\heroku\bin;C:\Users\Belkoweb\.dotnet\tools
USERNAME=Belkoweb
OS=Windows_NT
PROCESSOR_IDENTIFIER=Intel64 Family 6 Model 142 Stepping 10, GenuineIntel



---------------  S Y S T E M  ---------------

OS: Windows 10 , 64 bit Build 19041 (10.0.19041.804)

CPU:total 8 (initial active 8) (4 cores per cpu, 2 threads per core) family 6 model 142 stepping 10, cmov, cx8, fxsr, mmx, sse, sse2, sse3, ssse3, sse4.1, sse4.2, popcnt, avx, avx2, aes, clmul, erms, 3dnowpref, lzcnt, ht, tsc, tscinvbit, bmi1, bmi2, adx, fma

Memory: 4k page, system-wide physical 3961M (353M free)
TotalPageFile size 13192M (AvailPageFile size 5M)
current process WorkingSet (physical memory assigned to process): 175M, peak: 177M
current process commit charge ("private bytes"): 233M, peak: 233M

vm_info: Java HotSpot(TM) 64-Bit Server VM (11.0.9+7-LTS) for windows-amd64 JRE (11.0.9+7-LTS), built on Sep 15 2020 16:47:03 by "mach5one" with MS VC++ 15.9 (VS2017)

END.
