#
# There is insufficient memory for the Java Runtime Environment to continue.
# Native memory allocation (malloc) failed to allocate 1048576 bytes for AllocateHeap
# Possible reasons:
#   The system is out of physical RAM or swap space
#   The process is running with CompressedOops enabled, and the Java Heap may be blocking the growth of the native heap
# Possible solutions:
#   Reduce memory load on the system
#   Increase physical memory or swap space
#   Check if swap backing store is full
#   Decrease Java heap size (-Xmx/-Xms)
#   Decrease number of Java threads
#   Decrease Java thread stack sizes (-Xss)
#   Set larger code cache with -XX:ReservedCodeCacheSize=
# This output file may be truncated or incomplete.
#
#  Out of Memory Error (./open/src/hotspot/share/memory/allocation.cpp:46), pid=8680, tid=5532
#
# JRE version:  (11.0.9+7) (build )
# Java VM: Java HotSpot(TM) 64-Bit Server VM (11.0.9+7-LTS, mixed mode, sharing, tiered, compressed oops, g1 gc, windows-amd64)
# No core dump will be written. Minidumps are not enabled by default on client versions of Windows
#

---------------  S U M M A R Y ------------

Command Line: -Dfile.encoding=UTF-8 com.digitalaube.checkart.CheckArtApplication

Host: Intel(R) Core(TM) i5-8250U CPU @ 1.60GHz, 8 cores, 3G,  Windows 10 , 64 bit Build 19041 (10.0.19041.804)
Time: Sat Feb 27 07:23:22 2021 Maroc (heure d’été) elapsed time: 0.156872 seconds (0d 0h 0m 0s)

---------------  T H R E A D  ---------------

Current thread (0x0000029affd42000):  JavaThread "Unknown thread" [_thread_in_vm, id=5532, stack(0x0000009fa5a00000,0x0000009fa5b00000)]

Stack: [0x0000009fa5a00000,0x0000009fa5b00000]
Native frames: (J=compiled Java code, j=interpreted, Vv=VM code, C=native code)
V  [jvm.dll+0x611a3a]
V  [jvm.dll+0x748aaf]
V  [jvm.dll+0x74a135]
V  [jvm.dll+0x74a7b3]
V  [jvm.dll+0x2439f8]
V  [jvm.dll+0xb0f14]
V  [jvm.dll+0x2dc93d]
V  [jvm.dll+0x2d6bc9]
V  [jvm.dll+0x724927]
V  [jvm.dll+0x7261cf]
V  [jvm.dll+0x34af59]
V  [jvm.dll+0x70a4a0]
V  [jvm.dll+0x3b415f]
V  [jvm.dll+0x3b6201]
C  [jli.dll+0x520b]
C  [ucrtbase.dll+0x21bb2]
C  [KERNEL32.DLL+0x17034]
C  [ntdll.dll+0x4d241]


---------------  P R O C E S S  ---------------

Threads class SMR info:
_java_thread_list=0x0000029aff838780, length=0, elements={
}

Java Threads: ( => current thread )

Other Threads:
  0x0000029affd59000 GCTaskThread "GC Thread#0" [stack: 0x0000009fa5b00000,0x0000009fa5c00000] [id=8640]

[error occurred during error reporting (printing all threads), id 0xc0000005, EXCEPTION_ACCESS_VIOLATION (0xc0000005) at pc=0x00007ffaa08414c0]

VM state:not at safepoint (not fully initialized)

VM Mutex/Monitor currently owned by a thread:  ([mutex/lock_event])
[0x0000029affd3e510] Heap_lock - owner thread: 0x0000029affd42000

Heap address: 0x00000000c2000000, size: 992 MB, Compressed Oops mode: Non-zero based: 0x00000000c2000000
Narrow klass base: 0x0000000000000000, Narrow klass shift: 0

GC Heap History (0 events):
No events

Deoptimization events (0 events):
No events

Classes redefined (0 events):
No events

Internal exceptions (0 events):
No events

Events (0 events):
No events


Dynamic libraries:
0x00007ff716410000 - 0x00007ff71641f000 	C:\Program Files\Java\jdk-11.0.9\bin\javaw.exe
0x00007ffb12030000 - 0x00007ffb12226000 	C:\Windows\SYSTEM32\ntdll.dll
0x00007ffb10130000 - 0x00007ffb101ed000 	C:\Windows\System32\KERNEL32.DLL
0x00007ffb0f7f0000 - 0x00007ffb0fab9000 	C:\Windows\System32\KERNELBASE.dll
0x00007ffb0fde0000 - 0x00007ffb0fee0000 	C:\Windows\System32\ucrtbase.dll
0x00007ffadeb40000 - 0x00007ffadeb58000 	C:\Program Files\Java\jdk-11.0.9\bin\jli.dll
0x00007ffb10b50000 - 0x00007ffb10bfc000 	C:\Windows\System32\ADVAPI32.dll
0x00007ffb10090000 - 0x00007ffb1012e000 	C:\Windows\System32\msvcrt.dll
0x00007ffb10910000 - 0x00007ffb109ac000 	C:\Windows\System32\sechost.dll
0x00007ffb119f0000 - 0x00007ffb11b1b000 	C:\Windows\System32\RPCRT4.dll
0x00007ffb10770000 - 0x00007ffb10910000 	C:\Windows\System32\USER32.dll
0x00007ffb0ffb0000 - 0x00007ffb0ffd2000 	C:\Windows\System32\win32u.dll
0x00007ffb11b20000 - 0x00007ffb11b4a000 	C:\Windows\System32\GDI32.dll
0x00007ffadeb20000 - 0x00007ffadeb35000 	C:\Program Files\Java\jdk-11.0.9\bin\VCRUNTIME140.dll
0x00007ffafd1e0000 - 0x00007ffafd47b000 	C:\Windows\WinSxS\amd64_microsoft.windows.common-controls_6595b64144ccf1df_6.0.19041.746_none_ca02b4b61b8320a4\COMCTL32.dll
0x00007ffb0fac0000 - 0x00007ffb0fbcb000 	C:\Windows\System32\gdi32full.dll
0x00007ffb0fee0000 - 0x00007ffb0ff7d000 	C:\Windows\System32\msvcp_win.dll
0x00007ffb08fa0000 - 0x00007ffb08faa000 	C:\Windows\SYSTEM32\VERSION.dll
0x00007ffb11b50000 - 0x00007ffb11b80000 	C:\Windows\System32\IMM32.DLL
0x00007ffadaab0000 - 0x00007ffadab4b000 	C:\Program Files\Java\jdk-11.0.9\bin\msvcp140.dll
0x00007ffaa0560000 - 0x00007ffaa1057000 	C:\Program Files\Java\jdk-11.0.9\bin\server\jvm.dll
0x00007ffb10540000 - 0x00007ffb10548000 	C:\Windows\System32\PSAPI.DLL
0x00007ffafafa0000 - 0x00007ffafafa9000 	C:\Windows\SYSTEM32\WSOCK32.dll
0x00007ffb04b60000 - 0x00007ffb04b87000 	C:\Windows\SYSTEM32\WINMM.dll
0x00007ffb10df0000 - 0x00007ffb10e5b000 	C:\Windows\System32\WS2_32.dll
0x00007ffb0e040000 - 0x00007ffb0e052000 	C:\Windows\SYSTEM32\kernel.appcore.dll
0x00007ffb009f0000 - 0x00007ffb00a00000 	C:\Program Files\Java\jdk-11.0.9\bin\verify.dll
0x00007ffb0d5b0000 - 0x00007ffb0d794000 	C:\Windows\SYSTEM32\DBGHELP.DLL
0x00007ffaf6df0000 - 0x00007ffaf6e1c000 	C:\Windows\SYSTEM32\dbgcore.DLL
0x00007ffb0f770000 - 0x00007ffb0f7f0000 	C:\Windows\System32\bcryptPrimitives.dll
0x00007ffadaa80000 - 0x00007ffadaaa8000 	C:\Program Files\Java\jdk-11.0.9\bin\java.dll
0x00007ffaf9b40000 - 0x00007ffaf9b4a000 	C:\Program Files\Java\jdk-11.0.9\bin\jimage.dll
0x00007ffade4a0000 - 0x00007ffade4b6000 	C:\Program Files\Java\jdk-11.0.9\bin\zip.dll

dbghelp: loaded successfully - version: 4.0.5 - missing functions: none
symbol engine: initialized successfully - sym options: 0x614 - pdb path: .;C:\Program Files\Java\jdk-11.0.9\bin;C:\Windows\SYSTEM32;C:\Windows\WinSxS\amd64_microsoft.windows.common-controls_6595b64144ccf1df_6.0.19041.746_none_ca02b4b61b8320a4;C:\Program Files\Java\jdk-11.0.9\bin\server

VM Arguments:
jvm_args: -Dfile.encoding=UTF-8 
java_command: com.digitalaube.checkart.CheckArtApplication
java_class_path (initial): C:\Users\Belkoweb\Code\AR\checkart\checkArt\target\classes;C:\Users\Belkoweb\.m2\repository\io\jsonwebtoken\jjwt\0.9.1\jjwt-0.9.1.jar;C:\Users\Belkoweb\.m2\repository\com\fasterxml\jackson\core\jackson-databind\2.11.4\jackson-databind-2.11.4.jar;C:\Users\Belkoweb\.m2\repository\com\fasterxml\jackson\core\jackson-annotations\2.11.4\jackson-annotations-2.11.4.jar;C:\Users\Belkoweb\.m2\repository\com\fasterxml\jackson\core\jackson-core\2.11.4\jackson-core-2.11.4.jar;C:\Users\Belkoweb\.m2\repository\org\springframework\boot\spring-boot-starter-security\2.3.9.RELEASE\spring-boot-starter-security-2.3.9.RELEASE.jar;C:\Users\Belkoweb\.m2\repository\org\springframework\boot\spring-boot-starter\2.3.9.RELEASE\spring-boot-starter-2.3.9.RELEASE.jar;C:\Users\Belkoweb\.m2\repository\org\springframework\boot\spring-boot-starter-logging\2.3.9.RELEASE\spring-boot-starter-logging-2.3.9.RELEASE.jar;C:\Users\Belkoweb\.m2\repository\ch\qos\logback\logback-classic\1.2.3\logback-classic-1.2.3.jar;C:\Users\Belkoweb\.m2\repository\ch\qos\logback\logback-core\1.2.3\logback-core-1.2.3.jar;C:\Users\Belkoweb\.m2\repository\org\apache\logging\log4j\log4j-to-slf4j\2.13.3\log4j-to-slf4j-2.13.3.jar;C:\Users\Belkoweb\.m2\repository\org\apache\logging\log4j\log4j-api\2.13.3\log4j-api-2.13.3.jar;C:\Users\Belkoweb\.m2\repository\org\slf4j\jul-to-slf4j\1.7.30\jul-to-slf4j-1.7.30.jar;C:\Users\Belkoweb\.m2\repository\jakarta\annotation\jakarta.annotation-api\1.3.5\jakarta.annotation-api-1.3.5.jar;C:\Users\Belkoweb\.m2\repository\org\yaml\snakeyaml\1.26\snakeyaml-1.26.jar;C:\Users\Belkoweb\.m2\repository\org\springframework\spring-aop\5.2.13.RELEASE\spring-aop-5.2.13.RELEASE.jar;C:\Users\Belkoweb\.m2\repository\org\springframework\spring-beans\5.2.13.RELEASE\spring-beans-5.2.13.RELEASE.jar;C:\Users\Belkoweb\.m2\repository\org\springframework\security\spring-security-config\5.3.8.RELEASE\spring-security-config-5.3.8.RELEASE.jar;C:\Users\Belkoweb\.m2\repository\org\springframework
Launcher Type: SUN_STANDARD

[Global flags]
     intx CICompilerCount                          = 4                                         {product} {ergonomic}
     uint ConcGCThreads                            = 2                                         {product} {ergonomic}
     uint G1ConcRefinementThreads                  = 8                                         {product} {ergonomic}
   size_t G1HeapRegionSize                         = 1048576                                   {product} {ergonomic}
    uintx GCDrainStackTargetSize                   = 64                                        {product} {ergonomic}
   size_t InitialHeapSize                          = 65011712                                  {product} {ergonomic}
   size_t MarkStackSize                            = 4194304                                   {product} {ergonomic}
   size_t MaxHeapSize                              = 1040187392                                {product} {ergonomic}
   size_t MinHeapDeltaBytes                        = 1048576                                   {product} {ergonomic}
    uintx NonNMethodCodeHeapSize                   = 5836300                                {pd product} {ergonomic}
    uintx NonProfiledCodeHeapSize                  = 122910970                              {pd product} {ergonomic}
    uintx ProfiledCodeHeapSize                     = 122910970                              {pd product} {ergonomic}
    uintx ReservedCodeCacheSize                    = 251658240                              {pd product} {ergonomic}
     bool SegmentedCodeCache                       = true                                      {product} {ergonomic}
     bool UseCompressedClassPointers               = true                                 {lp64_product} {ergonomic}
     bool UseCompressedOops                        = true                                 {lp64_product} {ergonomic}
     bool UseG1GC                                  = true                                      {product} {ergonomic}
     bool UseLargePagesIndividualAllocation        = false                                  {pd product} {ergonomic}

Logging:
Log output configuration:
 #0: stdout all=warning uptime,level,tags
 #1: stderr all=off uptime,level,tags

Environment Variables:
JAVA_HOME=C:\Program Files\Android\Android Studio\jre
PATH=C:\Program Files (x86)\Common Files\Oracle\Java\javapath;C:\oraclexe\app\oracle\product\11.2.0\server\bin;C:\Program Files\Common Files\Oracle\Java\javapath;C:\Windows\system32;C:\Windows;C:\Windows\System32\Wbem;C:\Windows\System32\WindowsPowerShell\v1.0\;C:\Windows\System32\OpenSSH\;C:\Program Files\Symfony;C:\Program Files\Git\cmd;C:\wamp64\bin\php\php7.4.0;C:\ProgramData\ComposerSetup\bin;C:\Program Files\PuTTY\;C:\Program Files\nodejs\;C:\Program Files\dotnet\;C:\Program Files\Java\jdk1.6.0_45;C:\Users\Belkoweb\AppData\Local\Microsoft\WindowsApps;C:\Users\Belkoweb\AppData\Roaming\Composer\vendor\bin;C:\Users\Belkoweb\AppData\Roaming\npm;C:\Program Files\heroku\bin;C:\Users\Belkoweb\.dotnet\tools
USERNAME=Belkoweb
OS=Windows_NT
PROCESSOR_IDENTIFIER=Intel64 Family 6 Model 142 Stepping 10, GenuineIntel



---------------  S Y S T E M  ---------------

OS: Windows 10 , 64 bit Build 19041 (10.0.19041.804)

CPU:total 8 (initial active 8) (4 cores per cpu, 2 threads per core) family 6 model 142 stepping 10, cmov, cx8, fxsr, mmx, sse, sse2, sse3, ssse3, sse4.1, sse4.2, popcnt, avx, avx2, aes, clmul, erms, 3dnowpref, lzcnt, ht, tsc, tscinvbit, bmi1, bmi2, adx, fma

Memory: 4k page, system-wide physical 3961M (299M free)
TotalPageFile size 13185M (AvailPageFile size 4M)
current process WorkingSet (physical memory assigned to process): 9M, peak: 9M
current process commit charge ("private bytes"): 55M, peak: 56M

vm_info: Java HotSpot(TM) 64-Bit Server VM (11.0.9+7-LTS) for windows-amd64 JRE (11.0.9+7-LTS), built on Sep 15 2020 16:47:03 by "mach5one" with MS VC++ 15.9 (VS2017)

END.
